<?xml version="1.0" encoding="utf-8"?>
<log version="1.0" tool="runtool">

<msg id="1" tool="runtool">
  <type>log-start</type>
  <arg>2025/05/20 10:03:25</arg>
</msg>
<msg id="2" tool="runtool">
  <type>bandwidth-measurement-starts</type>
</msg>
<msg id="3" tool="runtool">
  <type>bandwidth-measurement-done</type>
</msg>
<msg id="4" tool="runtool">
  <type>collector-starts</type>
</msg>
<msg id="5" tool="runtool">
  <type>marker-file</type>
  <arg>/home/canut/Desktop/Computacion Paralela/fire_spread/asd/e000/trc000/trc000.advixe</arg>
</msg>
<msg id="6" tool="trc">
  <type>PROCESS_START</type>
  <arg>/home/canut/Desktop/Computacion Paralela/fire_spread/graphics/fire_animation_data</arg>
  <arg>112810</arg>
  <severity>INFO</severity>
  <timestamp>Tue May 20 10:03:35 2025</timestamp>
</msg>
<msg id="7" tool="trc">
  <type>PROCESS_ANALYSIS_MODE</type>
  <arg>full</arg>
  <severity>INFO</severity>
  <timestamp>Tue May 20 10:03:35 2025</timestamp>
</msg>
<msg id="8" tool="trc">
  <type>LOAD_MODULE</type>
  <arg>/home/canut/Desktop/Computacion Paralela/fire_spread/graphics/fire_animation_data</arg>
  <arg>0x630e8eda9000</arg>
  <arg>0x630e8edb6277</arg>
  <arg>yes</arg>
  <severity>INFO</severity>
  <timestamp>Tue May 20 10:03:35 2025</timestamp>
</msg>
<msg id="9" tool="trc">
  <type>LOAD_MODULE</type>
  <arg>/lib64/ld-linux-x86-64.so.2</arg>
  <arg>0x703a9d404000</arg>
  <arg>0x703a9d43d2d7</arg>
  <arg>no</arg>
  <severity>INFO</severity>
  <timestamp>Tue May 20 10:03:35 2025</timestamp>
</msg>
<msg id="10" tool="trc">
  <type>LOAD_MODULE</type>
  <arg>[vdso]</arg>
  <arg>0x7ffe8753b000</arg>
  <arg>0x7ffe8753c0aa</arg>
  <arg>no</arg>
  <severity>INFO</severity>
  <timestamp>Tue May 20 10:03:35 2025</timestamp>
</msg>
<msg id="11" tool="trc">
  <type>LOAD_MODULE</type>
  <arg>/lib/x86_64-linux-gnu/libstdc++.so.6</arg>
  <arg>0x703a88400000</arg>
  <arg>0x703a886650bf</arg>
  <arg>no</arg>
  <severity>INFO</severity>
  <timestamp>Tue May 20 10:03:35 2025</timestamp>
</msg>
<msg id="12" tool="trc">
  <type>LOAD_MODULE</type>
  <arg>/lib/x86_64-linux-gnu/libm.so.6</arg>
  <arg>0x703a8825f000</arg>
  <arg>0x703a88347017</arg>
  <arg>no</arg>
  <severity>INFO</severity>
  <timestamp>Tue May 20 10:03:35 2025</timestamp>
</msg>
<msg id="13" tool="trc">
  <type>LOAD_MODULE</type>
  <arg>/lib/x86_64-linux-gnu/libgomp.so.1</arg>
  <arg>0x703a88202000</arg>
  <arg>0x703a88256a0f</arg>
  <arg>no</arg>
  <severity>INFO</severity>
  <timestamp>Tue May 20 10:03:35 2025</timestamp>
</msg>
<msg id="14" tool="trc">
  <type>LOAD_MODULE</type>
  <arg>/lib/x86_64-linux-gnu/libgcc_s.so.1</arg>
  <arg>0x703a881d5000</arg>
  <arg>0x703a882013a7</arg>
  <arg>no</arg>
  <severity>INFO</severity>
  <timestamp>Tue May 20 10:03:35 2025</timestamp>
</msg>
<msg id="15" tool="trc">
  <type>LOAD_MODULE</type>
  <arg>/lib/x86_64-linux-gnu/libc.so.6</arg>
  <arg>0x703a87e00000</arg>
  <arg>0x703a88011d8f</arg>
  <arg>no</arg>
  <severity>INFO</severity>
  <timestamp>Tue May 20 10:03:35 2025</timestamp>
</msg>
<msg id="16" tool="trc">
  <type>UNLOAD_MODULE</type>
  <arg>/home/canut/Desktop/Computacion Paralela/fire_spread/graphics/fire_animation_data</arg>
  <severity>INFO</severity>
  <timestamp>Tue May 20 10:03:36 2025</timestamp>
</msg>
<msg id="17" tool="trc">
  <type>UNLOAD_MODULE</type>
  <arg>/lib64/ld-linux-x86-64.so.2</arg>
  <severity>INFO</severity>
  <timestamp>Tue May 20 10:03:36 2025</timestamp>
</msg>
<msg id="18" tool="trc">
  <type>UNLOAD_MODULE</type>
  <arg>[vdso]</arg>
  <severity>INFO</severity>
  <timestamp>Tue May 20 10:03:36 2025</timestamp>
</msg>
<msg id="19" tool="trc">
  <type>UNLOAD_MODULE</type>
  <arg>/lib/x86_64-linux-gnu/libstdc++.so.6</arg>
  <severity>INFO</severity>
  <timestamp>Tue May 20 10:03:36 2025</timestamp>
</msg>
<msg id="20" tool="trc">
  <type>UNLOAD_MODULE</type>
  <arg>/lib/x86_64-linux-gnu/libm.so.6</arg>
  <severity>INFO</severity>
  <timestamp>Tue May 20 10:03:36 2025</timestamp>
</msg>
<msg id="21" tool="trc">
  <type>UNLOAD_MODULE</type>
  <arg>/lib/x86_64-linux-gnu/libgomp.so.1</arg>
  <severity>INFO</severity>
  <timestamp>Tue May 20 10:03:36 2025</timestamp>
</msg>
<msg id="22" tool="trc">
  <type>UNLOAD_MODULE</type>
  <arg>/lib/x86_64-linux-gnu/libgcc_s.so.1</arg>
  <severity>INFO</severity>
  <timestamp>Tue May 20 10:03:36 2025</timestamp>
</msg>
<msg id="23" tool="trc">
  <type>UNLOAD_MODULE</type>
  <arg>/lib/x86_64-linux-gnu/libc.so.6</arg>
  <severity>INFO</severity>
  <timestamp>Tue May 20 10:03:36 2025</timestamp>
</msg>
<msg id="24" tool="trc">
  <type>PROCESS_FINISH</type>
  <arg>/home/canut/Desktop/Computacion Paralela/fire_spread/graphics/fire_animation_data</arg>
  <arg>112810</arg>
  <arg>0x0</arg>
  <severity>INFO</severity>
  <timestamp>Tue May 20 10:03:36 2025</timestamp>
</msg>
<msg id="25" tool="runtool">
  <type>app-exit-code</type>
  <arg>0</arg>
</msg>
<msg id="26" tool="runtool">
  <type>marker-file</type>
  <arg>/home/canut/Desktop/Computacion Paralela/fire_spread/asd/e000/trc000/trc000.advixe</arg>
</msg>
<msg id="27" tool="runtool">
  <type>collector-done</type>
</msg>
<msg id="28" tool="runtool">
  <type>log-end</type>
  <arg>2025/05/20 10:03:39</arg>
</msg>

</log>

