1 [132914468031552] INFO perfrun.launcher <> - Launcher main begin
1 [132914468031552] INFO perfrun.launcher <> - MessageCatalogInit finished
1 [132914468031552] INFO perfrun.launcher <> - Launcher instance created
1 [132914468031552] INFO perfrun.launcher <> - argc = 7; cmdline = /home/canut/intel/oneapi/advisor/2025.1/bin64/advixe-runss --ui-output-format xml --ui-output-fd 179 --option-file /home/canut/Desktop/Computacion Paralela/fire_spread/asd/e000/hs000/config/runss.options 
103 [132914468031552] INFO perfrun.launcher <> - create msngr2::ICliToolContext
103 [132914468031552] INFO perfrun.launcher <> - create file finder object
103 [132914468031552] INFO perfrun.launcher <> - create a result directory: pattern = /home/canut/Desktop/Computacion Paralela/fire_spread/asd/e000/hs000 pid = 4294967295
105 [132914468031552] INFO perfrun.sdk <> - checked that the directory /home/canut/Desktop/Computacion Paralela/fire_spread/asd/e000/hs000 is a local directory
105 [132914468031552] INFO perfrun.sdk <> - the directory /home/canut/Desktop/Computacion Paralela/fire_spread/asd/e000/hs000 is a local directory with FS type ID 61267
105 [132914468031552] INFO perfrun.launcher <> - create data directory = /home/canut/Desktop/Computacion Paralela/fire_spread/asd/e000/hs000/data.0
105 [132914468031552] INFO perfrun.launcher <> - Creating the master collection flag
119 [132914468031552] INFO perfrun.launcher <> - Done creating the master collection flag
120 [132914306082496] INFO perfrun.launcher <> - plugin [remoteplug] was disabled because it doesn't support the given collection type.
121 [132914306082496] INFO perfrun.sdk <> - Allocating TMU :/home/canut/Desktop/Computacion Paralela/fire_spread/asd/e000/hs000/data.0/systemcollector-112613-canut.sc
121 [132914306082496] INFO perfrun.launcher <> - plugin [] was disabled because it doesn't support the given collection type.
121 [132914306082496] INFO perfrun.launcher <> - plugin [gpu] was disabled because it doesn't support the given collection type.
121 [132914306082496] INFO perfrun.launcher <> - plugin [] was disabled because it doesn't support the given collection type.
121 [132914306082496] INFO perfrun.launcher <> - plugin [] was disabled because it doesn't support the given collection type.
121 [132914306082496] INFO perfrun.launcher <> - plugin [] was disabled because it doesn't support the given collection type.
121 [132914306082496] INFO perfrun.mrte <> - system-wide mode is 0
121 [132914306082496] INFO perfrun.mrte <> - Getting  mrte profiling environment ...
123 [132914306082496] INFO perfrun.mrte <> - INTEL_MRTE_DATA_DIR=/home/canut/Desktop/Computacion Paralela/fire_spread/asd/e000/hs000/data.0
123 [132914306082496] INFO perfrun.mrte <> - INTEL_MRTE_HOST_NAME=canut
123 [132914306082496] INFO perfrun.mrte <> - JAVA_TOOL_OPTIONS=-agentlib:advixe_samplingmrte_javaprof_1.0 -Dsun.boot.library.path=/home/canut/intel/oneapi/advisor/2025.1/lib32/runtime:/home/canut/intel/oneapi/advisor/2025.1/lib64/runtime
123 [132914306082496] INFO perfrun.mrte <> - LD_LIBRARY_PATH=/home/canut/intel/oneapi/advisor/2025.1/lib32/runtime:/home/canut/intel/oneapi/advisor/2025.1/lib64/runtime
123 [132914306082496] INFO perfrun.mrte <> - Data directory: /home/canut/Desktop/Computacion Paralela/fire_spread/asd/e000/hs000/data.0
123 [132914306082496] INFO perfrun.mrte <> - Mrte plugin is initialized
123 [132914306082496] INFO perfrun.launcher <> - plugin [] was disabled because it doesn't support the given collection type.
123 [132914306082496] INFO perfrun.launcher <> - plugin [] was disabled because it doesn't support the given collection type.
123 [132914306082496] INFO perfrun.launcher <> - plugin [] was disabled because it doesn't support the given collection type.
123 [132914306082496] INFO perfrun.launcher <> - plugin [] was disabled because it doesn't support the given collection type.
123 [132914306082496] INFO perfrun.launcher <> - plugin [] was disabled because it doesn't support the given collection type.
123 [132914306082496] INFO perfrun.launcher <> - plugin [] was disabled because it doesn't support the given collection type.
123 [132914306082496] INFO perfrun.launcher <> - plugin [] was disabled because it doesn't support the given collection type.
123 [132914306082496] INFO perfrun.tpss <> - initialize tpss controller
123 [132914306082496] INFO perfrun.tpss <> - configure collection mode: value = cpu:stack
123 [132914306082496] INFO perfrun.tpss <> - default obj-size-min=1024
123 [132914306082496] INFO perfrun.tpss <> - default hash-table-size=0
123 [132914306082496] INFO perfrun.launcher <> - plugin [] was disabled because it doesn't support the given collection type.
123 [132914306082496] INFO perfrun.launcher <> - plugin [] was disabled because it doesn't support the given collection type.
123 [132914306082496] INFO perfrun.launcher <> - plugin [] was disabled because it doesn't support the given collection type.
123 [132914306082496] INFO perfrun.launcher <> - plugin [] was disabled because it doesn't support the given collection type.
123 [132914306082496] INFO perfrun.launcher <> - plugin [] was disabled because it doesn't support the given collection type.
123 [132914306082496] INFO perfrun.launcher <> - plugin [] was disabled because it doesn't support the given collection type.
123 [132914306082496] INFO perfrun.launcher <> - plugin [] was disabled because it doesn't support the given collection type.
123 [132914306082496] INFO perfrun.launcher <> - plugin [] was disabled because it doesn't support the given collection type.
123 [132914306082496] INFO perfrun.launcher <> - plugin [] was disabled because it doesn't support the given collection type.
123 [132914306082496] INFO perfrun.launcher <> - plugin [] was disabled because it doesn't support the given collection type.
123 [132914468031552] INFO perfrun.launcher <> - set environment variable: LD_LIBRARY_PATH = /home/canut/intel/oneapi/advisor/2025.1/lib32/runtime:/home/canut/intel/oneapi/advisor/2025.1/lib64/runtime
124 [132914468031552] INFO perfrun.launcher <> - set environment variable: INTEL_LIBITTNOTIFY32 = /home/canut/intel/oneapi/advisor/2025.1/lib32/runtime/libittnotify_collector.so
124 [132914468031552] INFO perfrun.launcher <> - set environment variable: INTEL_LIBITTNOTIFY64 = /home/canut/intel/oneapi/advisor/2025.1/lib64/runtime/libittnotify_collector.so
124 [132914468031552] INFO perfrun.launcher <> - set environment variable: INTEL_ITTNOTIFY_GROUPS = 
124 [132914468031552] INFO perfrun.launcher <> - set environment variable: INTEL_JIT_PROFILER32 = /home/canut/intel/oneapi/advisor/2025.1/lib32/runtime/libittnotify_collector.so
124 [132914468031552] INFO perfrun.launcher <> - set environment variable: INTEL_JIT_PROFILER64 = /home/canut/intel/oneapi/advisor/2025.1/lib64/runtime/libittnotify_collector.so
124 [132914468031552] INFO perfrun.launcher <> - set environment variable: CCL_ITT_LEVEL = 1
124 [132914468031552] INFO perfrun.launcher <> - set environment variable: ENABLE_JITPROFILING = 1
124 [132914468031552] INFO perfrun.launcher <> - set environment variable: CL_CONFIG_USE_VTUNE = True
124 [132914468031552] INFO perfrun.launcher <> - set environment variable: KMP_FORKJOIN_FRAMES = 0
124 [132914468031552] INFO perfrun.launcher <> - set environment variable: KMP_FORKJOIN_FRAMES_MODE = 0
124 [132914468031552] INFO perfrun.launcher <> - set environment variable: INTEL_MRTE_DATA_DIR = /home/canut/Desktop/Computacion Paralela/fire_spread/asd/e000/hs000/data.0
124 [132914468031552] INFO perfrun.launcher <> - set environment variable: INTEL_MRTE_HOST_NAME = canut
124 [132914468031552] INFO perfrun.launcher <> - set environment variable: JAVA_TOOL_OPTIONS = -agentlib:advixe_samplingmrte_javaprof_1.0 -Dsun.boot.library.path=/home/canut/intel/oneapi/advisor/2025.1/lib32/runtime:/home/canut/intel/oneapi/advisor/2025.1/lib64/runtime
124 [132914468031552] INFO perfrun.launcher <> - set environment variable: LD_LIBRARY_PATH = /home/canut/intel/oneapi/advisor/2025.1/lib32/runtime:/home/canut/intel/oneapi/advisor/2025.1/lib64/runtime
124 [132914468031552] INFO perfrun.launcher <> - RpcServer: run RPC server to handle requests
124 [132914468031552] INFO perfrun.launcher <> - Launcher: command line to start before modification = /home/canut/Desktop/Computacion Paralela/fire_spread/graphics/fire_animation_data ../data/2000_8
124 [132914468031552] INFO perfrun.launcher <> - Launcher: command line to start after modification = /home/canut/intel/oneapi/advisor/2025.1/bin64/pin -error_file /home/canut/Desktop/Computacion Paralela/fire_spread/asd/e000/hs000/data.0/pinerr.tpsslog -detach_reattach -follow_execv -tool_load_option deepbind -t64 /home/canut/intel/oneapi/advisor/2025.1/lib64/libtpsstool.so -t /home/canut/intel/oneapi/advisor/2025.1/lib32/libtpsstool.so -server_name tpss_ipc.112613 -prd_dir /home/canut/intel/oneapi/advisor/2025.1 -- /home/canut/Desktop/Computacion Paralela/fire_spread/graphics/fire_animation_data ../data/2000_8
124 [132914468031552] INFO perfrun.launcher <> - ProcessCreator object was created
125 [132914468031552] INFO perfrun.launcher <> - Launcher: the process was started in suspend mode
126 [132914306082496] WARN perfrun.system <> - Could not do anything with /sys/kernel/debug/kvm: boost::filesystem::status: Permission denied [system:13]: "/sys/kernel/debug/kvm", at file: vcs/perfrun1/plugins/system/src/trace_writer.cpp:787
126 [132914306082496] WARN perfrun.system <> - Folder "/var/run/libvirt/qemu/"doesn't exist, at file: vcs/perfrun1/plugins/system/src/trace_writer.cpp:800
127 [132914306082496] WARN perfrun.sdk <> - Failed to find xl binary on any of the system paths: /bin, /sbin, /usr/bin, /usr/sbin., at file: vcs/perfrun1/sdk/src/utils.cpp:205
132 [132914306082496] INFO perfrun.vdso <> - Helper runtool '/home/canut/intel/oneapi/advisor/2025.1/bin32/advixe-runss -dump-vdso -r /home/canut/Desktop/Computacion Paralela/fire_spread/asd/e000/hs000 --tmp-dir /tmp/advixe-tmp-canut' returned 1
236 [132914306082496] INFO perfrun.vdso <> - Helper runtool '/home/canut/intel/oneapi/advisor/2025.1/bin64/advixe-runss -dump-vdso -r /home/canut/Desktop/Computacion Paralela/fire_spread/asd/e000/hs000 --tmp-dir /tmp/advixe-tmp-canut' returned 0
236 [132914306082496] INFO perfrun.itt <> - start itt controller for pid #112625
237 [132914306082496] INFO perfrun.tpss <> - start tpss controller for pid #112625
288 [132914468031552] INFO perfrun.launcher <> - Launcher: all plugins were started
289 [132914468031552] INFO perfrun.launcher <> - DirectoryMonitor object was created
289 [132914468031552] INFO perfrun.launcher <> - DirectoryMonitor: a callback was added
289 [132914468031552] INFO perfrun.launcher <> - DirectoryMonitor was started with pingTime = 1000
289 [132914468031552] INFO perfrun.launcher <> - DeadlineTimer is going to be constructed
289 [132914468031552] INFO perfrun.launcher <> - DeadlineTimer: a callback was added
292 [132914468031552] INFO perfrun.launcher <> - Launcher: resume the profiled application and  wait its termination or stop command
500 [132914468031552] INFO perfrun.launcher <> - Launcher: the profiled application was terminated  with exit code = 0
503 [132914306082496] INFO perfrun.itt <> - detach itt controller
503 [132914306082496] INFO perfrun.itt <> - detach itt controller done
503 [132914306082496] INFO perfrun.tpss <> - stop tpss controller
503 [132914306082496] INFO perfrun.sdk <> - De-allocating TMU: /home/canut/Desktop/Computacion Paralela/fire_spread/asd/e000/hs000/data.0/systemcollector-112613-canut.sc
503 [132914306082496] INFO perfrun.system <> - closed the system trace file: /home/canut/Desktop/Computacion Paralela/fire_spread/asd/e000/hs000/data.0/systemcollector-112613-canut.sc
503 [132914468031552] INFO perfrun.launcher <> - Launcher: all plugins were stopped.
503 [132914468031552] INFO perfrun.launcher <> - DeadlineTimer is going to be destroyed
503 [132914468031552] INFO perfrun.launcher <> - DeadlineTimer was destroyed
503 [132914468031552] INFO perfrun.launcher <> - DirectoryMonitor object was destroyed
503 [132914468031552] WARN perfrun.launcher <> - Stop command is ignored because it is received when collection is already stopped, at file: vcs/perfrun1/launcher/src/command_handler.cpp:226
504 [132914468031552] INFO perfrun.launcher <> - Application exit code: 0
504 [132914468031552] INFO perfrun.launcher <> - Exit code: 0
